
> thoughost-site@0.1.0 dev G:\01_Workspace\Code\Coding Project\Thoughost
> next dev

▲ Next.js 16.2.1 (Turbopack)
- Local:         http://localhost:3000
- Network:       http://26.69.158.6:3000
- Environments: .env
✓ Ready in 8.4s

○ Compiling / ...
 GET / 200 in 23.5s (next.js: 22.4s, application-code: 1112ms)
 GET / 200 in 231ms (next.js: 11ms, application-code: 220ms)
 GET / 200 in 244ms (next.js: 17ms, application-code: 227ms)
✓ Compiled in 23.5s
 GET / 200 in 12.2s (next.js: 11.9s, application-code: 331ms)
✓ Compiled in 3.6s
✓ Compiled in 499ms
✓ Compiled in 552ms
✓ Compiled in 2.1s
✓ Compiled in 2.1s
✓ Compiled in 3s
✓ Compiled in 78ms
 GET / 200 in 535ms (next.js: 189ms, application-code: 346ms)
 GET /en/about/ 200 in 5.7s (next.js: 5.6s, generate-params: 5.2s, application-code: 54ms)
 GET /en/about/ 200 in 288ms (next.js: 49ms, generate-params: 46ms, application-code: 239ms)
 GET /en/project/ 200 in 2.1s (next.js: 2.1s, generate-params: 885ms, application-code: 41ms)
 GET /en/project/ 200 in 132ms (next.js: 42ms, generate-params: 40ms, application-code: 90ms)
 GET /en/ 200 in 977ms (next.js: 902ms, generate-params: 582ms, application-code: 76ms)
 GET /en/releases/2000-invasion/ 200 in 877ms (next.js: 835ms, generate-params: 569ms, application-code: 43ms)
 GET /en/releases/thoughts/ 200 in 80ms (next.js: 43ms, generate-params: 41ms, application-code: 36ms)
✓ Compiled in 360ms
 GET / 200 in 393ms (next.js: 135ms, application-code: 258ms)
 GET /en/ 200 in 410ms (next.js: 141ms, generate-params: 43ms, application-code: 269ms)
✓ Compiled in 494ms
 GET / 200 in 372ms (next.js: 128ms, application-code: 244ms)
✓ Compiled in 444ms
 GET / 200 in 527ms (next.js: 174ms, application-code: 353ms)
✓ Compiled in 67ms
✓ Compiled in 331ms
 GET / 200 in 621ms (next.js: 193ms, application-code: 428ms)
 GET /en/releases/2000-invasion/ 200 in 289ms (next.js: 137ms, generate-params: 47ms, application-code: 152ms)
 ELIFECYCLE  Command failed with exit code 3221225786.
